[    0.000000] Initializing cgroup subsys cpuset
[    0.000000] Initializing cgroup subsys cpu
[    0.000000] Initializing cgroup subsys cpuacct
[    0.000000] Linux version 4.4.0-150-generic (buildd@lgw01-amd64-036) (gcc version 5.4.0 20160609 (Ubuntu 5.4.0-6ubuntu1~16.04.10) ) #176-Ubuntu SMP Wed May 29 18:56:26 UTC 2019 (Ubuntu 4.4.0-150.176-generic 4.4.179)
[    0.000000] Command line: BOOT_IMAGE=/boot/vmlinuz-4.4.0-150-generic root=LABEL=cloudimg-rootfs ro console=tty1 console=ttyS0
[    0.000000] KERNEL supported cpus:
[    0.000000]   Intel GenuineIntel
[    0.000000]   AMD AuthenticAMD
[    0.000000]   Centaur CentaurHauls
[    0.000000] x86/fpu: xstate_offset[2]:  576, xstate_sizes[2]:  256
[    0.000000] x86/fpu: Supporting XSAVE feature 0x01: 'x87 floating point registers'
[    0.000000] x86/fpu: Supporting XSAVE feature 0x02: 'SSE registers'
[    0.000000] x86/fpu: Supporting XSAVE feature 0x04: 'AVX registers'
[    0.000000] x86/fpu: Enabled xstate features 0x7, context size is 832 bytes, using 'standard' format.
[    0.000000] e820: BIOS-provided physical RAM map:
[    0.000000] BIOS-e820: [mem 0x0000000000000000-0x000000000009fbff] usable
[    0.000000] BIOS-e820: [mem 0x000000000009fc00-0x000000000009ffff] reserved
[    0.000000] BIOS-e820: [mem 0x00000000000f0000-0x00000000000fffff] reserved
[    0.000000] BIOS-e820: [mem 0x0000000000100000-0x000000003ffeffff] usable
[    0.000000] BIOS-e820: [mem 0x000000003fff0000-0x000000003fffffff] ACPI data
[    0.000000] BIOS-e820: [mem 0x00000000fec00000-0x00000000fec00fff] reserved
[    0.000000] BIOS-e820: [mem 0x00000000fee00000-0x00000000fee00fff] reserved
[    0.000000] BIOS-e820: [mem 0x00000000fffc0000-0x00000000ffffffff] reserved
[    0.000000] NX (Execute Disable) protection: active
[    0.000000] SMBIOS 2.5 present.
[    0.000000] Hypervisor detected: KVM
[    0.000000] e820: last_pfn = 0x3fff0 max_arch_pfn = 0x400000000
[    0.000000] MTRR: Disabled
[    0.000000] x86/PAT: MTRRs disabled, skipping PAT initialization too.
[    0.000000] CPU MTRRs all blank - virtualized system.
[    0.000000] x86/PAT: Configuration [0-7]: WB  WT  UC- UC  WB  WT  UC- UC  
[    0.000000] found SMP MP-table at [mem 0x0009fff0-0x0009ffff] mapped at [ffff88000009fff0]
[    0.000000] Scanning 1 areas for low memory corruption
[    0.000000] RAMDISK: [mem 0x362f8000-0x37173fff]
[    0.000000] ACPI: Early table checksum verification disabled
[    0.000000] ACPI: RSDP 0x00000000000E0000 000024 (v02 VBOX  )
[    0.000000] ACPI: XSDT 0x000000003FFF0030 00003C (v01 VBOX   VBOXXSDT 00000001 ASL  00000061)
[    0.000000] ACPI: FACP 0x000000003FFF00F0 0000F4 (v04 VBOX   VBOXFACP 00000001 ASL  00000061)
[    0.000000] ACPI: DSDT 0x000000003FFF0470 0022EA (v02 VBOX   VBOXBIOS 00000002 INTL 20100528)
[    0.000000] ACPI: FACS 0x000000003FFF0200 000040
[    0.000000] ACPI: FACS 0x000000003FFF0200 000040
[    0.000000] ACPI: APIC 0x000000003FFF0240 00005C (v02 VBOX   VBOXAPIC 00000001 ASL  00000061)
[    0.000000] ACPI: SSDT 0x000000003FFF02A0 0001CC (v01 VBOX   VBOXCPUT 00000002 INTL 20100528)
[    0.000000] No NUMA configuration found
[    0.000000] Faking a node at [mem 0x0000000000000000-0x000000003ffeffff]
[    0.000000] NODE_DATA(0) allocated [mem 0x3ffeb000-0x3ffeffff]
[    0.000000] kvm-clock: Using msrs 4b564d01 and 4b564d00
[    0.000000] kvm-clock: cpu 0, msr 0:3ffe3001, primary cpu clock
[    0.000000] kvm-clock: using sched offset of 6696448493 cycles
[    0.000000] clocksource: kvm-clock: mask: 0xffffffffffffffff max_cycles: 0x1cd42e4dffb, max_idle_ns: 881590591483 ns
[    0.000000] Zone ranges:
[    0.000000]   DMA      [mem 0x0000000000001000-0x0000000000ffffff]
[    0.000000]   DMA32    [mem 0x0000000001000000-0x000000003ffeffff]
[    0.000000]   Normal   empty
[    0.000000]   Device   empty
[    0.000000] Movable zone start for each node
[    0.000000] Early memory node ranges
[    0.000000]   node   0: [mem 0x0000000000001000-0x000000000009efff]
[    0.000000]   node   0: [mem 0x0000000000100000-0x000000003ffeffff]
[    0.000000] Initmem setup node 0 [mem 0x0000000000001000-0x000000003ffeffff]
[    0.000000] ACPI: PM-Timer IO Port: 0x4008
[    0.000000] IOAPIC[0]: apic_id 2, version 32, address 0xfec00000, GSI 0-23
[    0.000000] ACPI: INT_SRC_OVR (bus 0 bus_irq 0 global_irq 2 dfl dfl)
[    0.000000] ACPI: INT_SRC_OVR (bus 0 bus_irq 9 global_irq 9 low level)
[    0.000000] Using ACPI (MADT) for SMP configuration information
[    0.000000] smpboot: Allowing 2 CPUs, 0 hotplug CPUs
[    0.000000] PM: Registered nosave memory: [mem 0x00000000-0x00000fff]
[    0.000000] PM: Registered nosave memory: [mem 0x0009f000-0x0009ffff]
[    0.000000] PM: Registered nosave memory: [mem 0x000a0000-0x000effff]
[    0.000000] PM: Registered nosave memory: [mem 0x000f0000-0x000fffff]
[    0.000000] e820: [mem 0x40000000-0xfebfffff] available for PCI devices
[    0.000000] Booting paravirtualized kernel on KVM
[    0.000000] clocksource: refined-jiffies: mask: 0xffffffff max_cycles: 0xffffffff, max_idle_ns: 7645519600211568 ns
[    0.000000] setup_percpu: NR_CPUS:512 nr_cpumask_bits:512 nr_cpu_ids:2 nr_node_ids:1
[    0.000000] PERCPU: Embedded 34 pages/cpu @ffff88003fc00000 s99480 r8192 d31592 u1048576
[    0.000000] Built 1 zonelists in Node order, mobility grouping on.  Total pages: 257912
[    0.000000] Policy zone: DMA32
[    0.000000] Kernel command line: BOOT_IMAGE=/boot/vmlinuz-4.4.0-150-generic root=LABEL=cloudimg-rootfs ro console=tty1 console=ttyS0
[    0.000000] PID hash table entries: 4096 (order: 3, 32768 bytes)
[    0.000000] Memory: 997728K/1048120K available (8613K kernel code, 1335K rwdata, 4028K rodata, 1484K init, 1284K bss, 50392K reserved, 0K cma-reserved)
[    0.000000] SLUB: HWalign=64, Order=0-3, MinObjects=0, CPUs=2, Nodes=1
[    0.000000] Kernel/User page tables isolation: enabled
[    0.000000] Hierarchical RCU implementation.
[    0.000000] 	Build-time adjustment of leaf fanout to 64.
[    0.000000] 	RCU restricting CPUs from NR_CPUS=512 to nr_cpu_ids=2.
[    0.000000] RCU: Adjusting geometry for rcu_fanout_leaf=64, nr_cpu_ids=2
[    0.000000] NR_IRQS:33024 nr_irqs:440 16
[    0.000000] Console: colour VGA+ 80x25
[    0.000000] console [tty1] enabled
[    0.000000] console [ttyS0] enabled
[    0.000000] tsc: Detected 1696.073 MHz processor
[    0.685084] Calibrating delay loop (skipped) preset value.. 3392.14 BogoMIPS (lpj=6784292)
[    0.692051] pid_max: default: 32768 minimum: 301
[    0.695634] ACPI: Core revision 20150930
[    0.706735] ACPI: 2 ACPI AML tables successfully acquired and loaded
[    0.711934] Security Framework initialized
[    0.715357] Yama: becoming mindful.
[    0.718506] AppArmor: AppArmor initialized
[    0.722450] Dentry cache hash table entries: 131072 (order: 8, 1048576 bytes)
[    0.735681] Inode-cache hash table entries: 65536 (order: 7, 524288 bytes)
[    0.741180] Mount-cache hash table entries: 2048 (order: 2, 16384 bytes)
[    0.745751] Mountpoint-cache hash table entries: 2048 (order: 2, 16384 bytes)
[    0.751150] Initializing cgroup subsys io
[    0.754572] Initializing cgroup subsys memory
[    0.758024] Initializing cgroup subsys devices
[    0.761481] Initializing cgroup subsys freezer
[    0.765008] Initializing cgroup subsys net_cls
[    0.768540] Initializing cgroup subsys perf_event
[    0.772267] Initializing cgroup subsys net_prio
[    0.775778] Initializing cgroup subsys hugetlb
[    0.779414] Initializing cgroup subsys pids
[    0.784282] mce: CPU supports 0 MCE banks
[    0.787913] Last level iTLB entries: 4KB 1024, 2MB 1024, 4MB 1024
[    0.792483] Last level dTLB entries: 4KB 1024, 2MB 1024, 4MB 1024, 1GB 4
[    0.797246] Spectre V2 : Mitigation: Full generic retpoline
[    0.801492] Spectre V2 : Spectre v2 / SpectreRSB mitigation: Filling RSB on context switch
[    0.808158] Speculative Store Bypass: Vulnerable
[    0.812031] MDS: Vulnerable: Clear CPU buffers attempted, no microcode
[    0.827974] Freeing SMP alternatives memory: 36K
[    0.858451] ftrace: allocating 32298 entries in 127 pages
[    1.108673] smpboot: APIC(0) Converting physical 0 to logical package 0
[    1.113499] smpboot: Max logical packages: 1
[    1.118165] x2apic enabled
[    1.122076] Switched APIC routing to physical x2apic.
[    1.131311] ..TIMER: vector=0x30 apic1=0 pin1=2 apic2=-1 pin2=-1
[    1.242088] smpboot: CPU0: Intel(R) Core(TM) i3-4005U CPU @ 1.70GHz (family: 0x6, model: 0x45, stepping: 0x1)
[    1.251666] Performance Events: unsupported p6 CPU model 69 no PMU driver, software events only.
[    1.299387] KVM setup paravirtual spinlock
[    1.306050] x86: Booting SMP configuration:
[    1.310067] .... node  #0, CPUs:      #1
[    1.313514] kvm-clock: cpu 1, msr 0:3ffe3041, secondary cpu clock
[    1.318553] mce: CPU supports 0 MCE banks
[    1.322719] x86: Booted up 1 node, 2 CPUs
[    1.328057] smpboot: Total of 2 processors activated (6784.29 BogoMIPS)
[    1.335217] devtmpfs: initialized
[    1.366923] evm: security.selinux
[    1.370201] evm: security.SMACK64
[    1.373533] evm: security.SMACK64EXEC
[    1.377513] evm: security.SMACK64TRANSMUTE
[    1.381541] evm: security.SMACK64MMAP
[    1.385365] evm: security.ima
[    1.389048] evm: security.capability
[    1.393756] clocksource: jiffies: mask: 0xffffffff max_cycles: 0xffffffff, max_idle_ns: 7645041785100000 ns
[    1.402476] futex hash table entries: 512 (order: 3, 32768 bytes)
[    1.408096] pinctrl core: initialized pinctrl subsystem
[    1.412431] RTC time: 16:44:45, date: 06/11/19
[    1.416309] NET: Registered protocol family 16
[    1.429336] cpuidle: using governor ladder
[    1.442025] cpuidle: using governor menu
[    1.445302] PCCT header not found.
[    1.448486] ACPI: bus type PCI registered
[    1.451950] acpiphp: ACPI Hot Plug PCI Controller Driver version: 0.5
[    1.456894] PCI: Using configuration type 1 for base access
[    1.482254] ACPI: Added _OSI(Module Device)
[    1.489574] ACPI: Added _OSI(Processor Device)
[    1.497348] ACPI: Added _OSI(3.0 _SCP Extensions)
[    1.505426] ACPI: Added _OSI(Processor Aggregator Device)
[    1.520925] ACPI: Executed 1 blocks of module-level executable AML code
[    1.557422] ACPI: Interpreter enabled
[    1.564390] ACPI: (supports S0 S5)
[    1.571672] ACPI: Using IOAPIC for interrupt routing
[    1.584062] PCI: Using host bridge windows from ACPI; if necessary, use "pci=nocrs" and report a bug
[    1.646080] ACPI: PCI Root Bridge [PCI0] (domain 0000 [bus 00-ff])
[    1.655850] acpi PNP0A03:00: _OSC: OS supports [ASPM ClockPM Segments MSI]
[    1.670584] acpi PNP0A03:00: _OSC: not requesting OS control; OS requires [ExtendedConfig ASPM ClockPM MSI]
[    1.686801] acpi PNP0A03:00: fail to add MMCONFIG information, can't access extended PCI configuration space under this bridge.
[    1.707609] PCI host bridge to bus 0000:00
[    1.714949] pci_bus 0000:00: root bus resource [io  0x0000-0x0cf7 window]
[    1.725365] pci_bus 0000:00: root bus resource [io  0x0d00-0xffff window]
[    1.735109] pci_bus 0000:00: root bus resource [mem 0x000a0000-0x000bffff window]
[    1.742887] pci_bus 0000:00: root bus resource [mem 0x40000000-0xfdffffff window]
[    1.750948] pci_bus 0000:00: root bus resource [bus 00-ff]
[    1.763445] pci 0000:00:01.1: legacy IDE quirk: reg 0x10: [io  0x01f0-0x01f7]
[    1.770096] pci 0000:00:01.1: legacy IDE quirk: reg 0x14: [io  0x03f6]
[    1.775982] pci 0000:00:01.1: legacy IDE quirk: reg 0x18: [io  0x0170-0x0177]
[    1.782081] pci 0000:00:01.1: legacy IDE quirk: reg 0x1c: [io  0x0376]
[    1.837548] pci 0000:00:07.0: quirk: [io  0x4000-0x403f] claimed by PIIX4 ACPI
[    1.903937] pci 0000:00:07.0: quirk: [io  0x4100-0x410f] claimed by PIIX4 SMB
[    1.926752] ACPI: PCI Interrupt Link [LNKA] (IRQs 5 9 10 *11)
[    1.934845] ACPI: PCI Interrupt Link [LNKB] (IRQs 5 9 *10 11)
[    1.942364] ACPI: PCI Interrupt Link [LNKC] (IRQs 5 *9 10 11)
[    1.949531] ACPI: PCI Interrupt Link [LNKD] (IRQs 5 9 10 *11)
[    1.957133] ACPI: Enabled 2 GPEs in block 00 to 07
[    1.963671] vgaarb: setting as boot device: PCI:0000:00:02.0
[    1.969384] vgaarb: device added: PCI:0000:00:02.0,decodes=io+mem,owns=io+mem,locks=none
[    1.978744] vgaarb: loaded
[    1.982594] vgaarb: bridge control possible 0000:00:02.0
[    1.991779] SCSI subsystem initialized
[    1.995990] ACPI: bus type USB registered
[    1.999915] usbcore: registered new interface driver usbfs
[    2.005395] usbcore: registered new interface driver hub
[    2.010539] usbcore: registered new device driver usb
[    2.015220] PCI: Using ACPI for IRQ routing
[    2.019698] NetLabel: Initializing
[    2.022684] NetLabel:  domain hash size = 128
[    2.026408] NetLabel:  protocols = UNLABELED CIPSOv4
[    2.037396] NetLabel:  unlabeled traffic allowed by default
[    2.042455] amd_nb: Cannot enumerate AMD northbridges
[    2.047514] clocksource: Switched to clocksource kvm-clock
[    2.095872] AppArmor: AppArmor Filesystem Enabled
[    2.102006] pnp: PnP ACPI init
[    2.111875] pnp: PnP ACPI: found 3 devices
[    2.137020] clocksource: acpi_pm: mask: 0xffffff max_cycles: 0xffffff, max_idle_ns: 2085701024 ns
[    2.145801] NET: Registered protocol family 2
[    2.150845] TCP established hash table entries: 8192 (order: 4, 65536 bytes)
[    2.157668] TCP bind hash table entries: 8192 (order: 5, 131072 bytes)
[    2.163289] TCP: Hash tables configured (established 8192 bind 8192)
[    2.168575] UDP hash table entries: 512 (order: 2, 16384 bytes)
[    2.173986] UDP-Lite hash table entries: 512 (order: 2, 16384 bytes)
[    2.179614] NET: Registered protocol family 1
[    2.183850] pci 0000:00:00.0: Limiting direct PCI/PCI transfers
[    2.189071] pci 0000:00:01.0: Activating ISA DMA hang workarounds
[    2.194930] Unpacking initramfs...
[    3.249342] Freeing initrd memory: 14832K
[    3.253829] RAPL PMU detected, API unit is 2^-32 Joules, 4 fixed counters 10737418240 ms ovfl timer
[    3.263503] hw unit of domain pp0-core 2^-0 Joules
[    3.268211] hw unit of domain package 2^-0 Joules
[    3.272976] hw unit of domain dram 2^-0 Joules
[    3.277275] hw unit of domain pp1-gpu 2^-0 Joules
[    3.282004] clocksource: tsc: mask: 0xffffffffffffffff max_cycles: 0x1872a9796f1, max_idle_ns: 440795212049 ns
[    3.291302] platform rtc_cmos: registered platform RTC device (no PNP device found)
[    3.300231] Scanning for low memory corruption every 60 seconds
[    3.307855] audit: initializing netlink subsys (disabled)
[    3.315794] audit: type=2000 audit(1560271494.744:1): initialized
[    3.323496] Initialise system trusted keyring
[    3.328469] HugeTLB registered 2 MB page size, pre-allocated 0 pages
[    3.341610] zbud: loaded
[    3.345194] VFS: Disk quotas dquot_6.6.0
[    3.349309] VFS: Dquot-cache hash table entries: 512 (order 0, 4096 bytes)
[    3.356563] squashfs: version 4.0 (2009/01/31) Phillip Lougher
[    3.362160] fuse init (API version 7.23)
[    3.367828] Key type big_key registered
[    3.371457] Allocating IMA MOK and blacklist keyrings.
[    3.379290] Key type asymmetric registered
[    3.383418] Asymmetric key parser 'x509' registered
[    3.388618] Block layer SCSI generic (bsg) driver version 0.4 loaded (major 249)
[    3.396373] io scheduler noop registered
[    3.400008] io scheduler deadline registered (default)
[    3.404645] io scheduler cfq registered
[    3.408974] pci_hotplug: PCI Hot Plug PCI Core version: 0.5
[    3.414312] pciehp: PCI Express Hot Plug Controller Driver version: 0.4
[    3.421020] ACPI: AC Adapter [AC] (off-line)
[    3.426267] input: Power Button as /devices/LNXSYSTM:00/LNXPWRBN:00/input/input0
[    3.434024] ACPI: Power Button [PWRF]
[    3.438314] input: Sleep Button as /devices/LNXSYSTM:00/LNXSLPBN:00/input/input1
[    3.445469] ACPI: Sleep Button [SLPF]
[    3.451757] GHES: HEST is not enabled!
[    3.451856] ACPI: Battery Slot [BAT0] (battery present)
[    3.462439] Serial: 8250/16550 driver, 32 ports, IRQ sharing enabled
[    3.489221] 00:02: ttyS0 at I/O 0x3f8 (irq = 4, base_baud = 115200) is a 16550A
[    3.504276] Linux agpgart interface v0.103
[    3.513649] loop: module loaded
[    3.518774] scsi host0: ata_piix
[    3.522236] scsi host1: ata_piix
[    3.525169] ata1: PATA max UDMA/33 cmd 0x1f0 ctl 0x3f6 bmdma 0xd000 irq 14
[    3.529917] ata2: PATA max UDMA/33 cmd 0x170 ctl 0x376 bmdma 0xd008 irq 15
[    3.534942] libphy: Fixed MDIO Bus: probed
[    3.538465] tun: Universal TUN/TAP device driver, 1.6
[    3.542916] tun: (C) 1999-2004 Max Krasnyansky <maxk@qualcomm.com>
[    3.547446] PPP generic driver version 2.4.2
[    3.551126] ehci_hcd: USB 2.0 'Enhanced' Host Controller (EHCI) Driver
[    3.557172] ehci-pci: EHCI PCI platform driver
[    3.560743] ehci-platform: EHCI generic platform driver
[    3.564726] ohci_hcd: USB 1.1 'Open' Host Controller (OHCI) Driver
[    3.569310] ohci-pci: OHCI PCI platform driver
[    3.572915] ohci-platform: OHCI generic platform driver
[    3.576913] uhci_hcd: USB Universal Host Controller Interface driver
[    3.581830] i8042: PNP: PS/2 Controller [PNP0303:PS2K,PNP0f03:PS2M] at 0x60,0x64 irq 1,12
[    3.591143] serio: i8042 KBD port at 0x60,0x64 irq 1
[    3.595982] serio: i8042 AUX port at 0x60,0x64 irq 12
[    3.601361] mousedev: PS/2 mouse device common for all mice
[    3.607672] input: AT Translated Set 2 keyboard as /devices/platform/i8042/serio0/input/input2
[    3.612601] rtc_cmos rtc_cmos: rtc core: registered rtc_cmos as rtc0
[    3.612875] rtc_cmos rtc_cmos: alarms up to one day, 114 bytes nvram
[    3.612902] i2c /dev entries driver
[    3.613122] device-mapper: uevent: version 1.0.3
[    3.613365] device-mapper: ioctl: 4.34.0-ioctl (2015-10-28) initialised: dm-devel@redhat.com
[    3.613416] ledtrig-cpu: registered to indicate activity on CPUs
[    3.617352] NET: Registered protocol family 10
[    3.618102] NET: Registered protocol family 17
[    3.618129] Key type dns_resolver registered
[    3.619258] registered taskstats version 1
[    3.619324] Loading compiled-in X.509 certificates
[    3.621791] Loaded X.509 cert 'Build time autogenerated kernel key: a7915d3ef14e82ec7978a6e44664328aa121e7a5'
[    3.621837] zswap: loaded using pool lzo/zbud
[    3.627795] Key type trusted registered
[    3.639401] Key type encrypted registered
[    3.639418] AppArmor: AppArmor sha1 policy hashing enabled
[    3.639431] ima: No TPM chip found, activating TPM-bypass!
[    3.639446] ima: Allocated hash algorithm: sha1
[    3.639502] evm: HMAC attrs: 0x1
[    3.640565]   Magic number: 7:208:742
[    3.644278] rtc_cmos rtc_cmos: setting system clock to 2019-06-11 16:44:47 UTC (1560271487)
[    3.644607] BIOS EDD facility v0.16 2004-Jun-25, 0 devices found
[    3.644609] EDD information not available.
[    3.741968] Freeing unused kernel memory: 1484K
[    3.756440] Write protecting the kernel read-only data: 14336k
[    3.764713] Freeing unused kernel memory: 1616K
[    3.770093] Freeing unused kernel memory: 68K
Loading, please wait...
starting version 229
[    3.816468] random: systemd-udevd: uninitialized urandom read (16 bytes read, 3 bits of entropy available)
[    3.819609] random: udevadm: uninitialized urandom read (16 bytes read, 3 bits of entropy available)
[    3.819672] random: udevadm: uninitialized urandom read (16 bytes read, 3 bits of entropy available)
[    3.843203] random: systemd-udevd: uninitialized urandom read (16 bytes read, 3 bits of entropy available)
[    3.852615] random: systemd-udevd: uninitialized urandom read (16 bytes read, 3 bits of entropy available)
[    3.860613] random: udevadm: uninitialized urandom read (16 bytes read, 3 bits of entropy available)
[    3.860833] random: udevadm: uninitialized urandom read (16 bytes read, 3 bits of entropy available)
[    3.861454] random: udevadm: uninitialized urandom read (16 bytes read, 3 bits of entropy available)
[    3.861673] random: udevadm: uninitialized urandom read (16 bytes read, 3 bits of entropy available)
[    3.861943] random: udevadm: uninitialized urandom read (16 bytes read, 3 bits of entropy available)
[    4.071760] Fusion MPT base driver 3.04.20
[    4.078059] Copyright (c) 1999-2008 LSI Corporation
[    4.094259] e1000: Intel(R) PRO/1000 Network Driver - version 7.3.21-k8-NAPI
[    4.105384] e1000: Copyright (c) 1999-2006 Intel Corporation.
[    4.181864] Fusion MPT SPI Host driver 3.04.20
[    4.188974] AVX2 version of gcm_enc/dec engaged.
[    4.194022] AES CTR mode by8 optimization enabled
[    4.356109] input: ImExPS/2 Generic Explorer Mouse as /devices/platform/i8042/serio1/input/input4
[    5.356184] e1000 0000:00:03.0 eth0: (PCI:33MHz:32-bit) 02:bc:a8:42:42:bc
[    5.369699] e1000 0000:00:03.0 eth0: Intel(R) PRO/1000 Network Connection
[    5.389374] e1000 0000:00:03.0 enp0s3: renamed from eth0
[    5.398206] mptbase: ioc0: Initiating bringup
[    5.532249] ioc0: LSI53C1030 A0: Capabilities={Initiator}
[    7.290463] scsi host2: ioc0: LSI53C1030 A0, FwRev=00000000h, Ports=1, MaxQ=256, IRQ=20
[    8.269869] scsi 2:0:0:0: Direct-Access     VBOX     HARDDISK         1.0  PQ: 0 ANSI: 5
[    8.288187] scsi target2:0:0: Beginning Domain Validation
[    8.308174] scsi target2:0:0: Domain Validation skipping write tests
[    8.315598] scsi target2:0:0: Ending Domain Validation
[    8.322128] scsi target2:0:0: asynchronous
[    8.330165] scsi 2:0:1:0: Direct-Access     VBOX     HARDDISK         1.0  PQ: 0 ANSI: 5
[    8.422873] scsi target2:0:1: Beginning Domain Validation
[    8.438539] scsi target2:0:1: Domain Validation skipping write tests
[    8.444877] scsi target2:0:1: Ending Domain Validation
[    8.450305] scsi target2:0:1: asynchronous
[    8.478529] sd 2:0:0:0: Attached scsi generic sg0 type 0
[    8.483980] sd 2:0:0:0: [sda] 20971520 512-byte logical blocks: (10.7 GB/10.0 GiB)
[    8.491906] sd 2:0:1:0: Attached scsi generic sg1 type 0
[    8.497488] sd 2:0:1:0: [sdb] 20480 512-byte logical blocks: (10.5 MB/10.0 MiB)
[    8.506006] sd 2:0:0:0: [sda] Write Protect is off
[    8.510764] sd 2:0:0:0: [sda] Incomplete mode parameter data
[    8.511620] sd 2:0:1:0: [sdb] Write Protect is off
[    8.511939] sd 2:0:1:0: [sdb] Incomplete mode parameter data
[    8.511948] sd 2:0:1:0: [sdb] Assuming drive cache: write through
[    8.529327] sd 2:0:0:0: [sda] Assuming drive cache: write through
[    8.562668]  sda: sda1
[    8.566865] sd 2:0:0:0: [sda] Attached SCSI disk
[    8.582549] sd 2:0:1:0: [sdb] Attached SCSI disk
Begin: Loading essential drivers ... [   11.673959] md: linear personality registered for level -1
[   11.694022] md: multipath personality registered for level -4
[   11.709825] md: raid0 personality registered for level 0
[   11.724791] md: raid1 personality registered for level 1
[   11.808138] raid6: sse2x1   gen()  1386 MB/s
[   11.876496] raid6: sse2x1   xor()   589 MB/s
[   11.947712] raid6: sse2x2   gen()  2281 MB/s
[   12.016134] raid6: sse2x2   xor()  1570 MB/s
[   12.088359] raid6: sse2x4   gen()  2954 MB/s
[   12.159595] raid6: sse2x4   xor()  1573 MB/s
[   12.231869] raid6: avx2x1   gen()  2372 MB/s
[   12.304201] raid6: avx2x2   gen()  4080 MB/s
[   12.376386] raid6: avx2x4   gen()  6865 MB/s
[   12.380636] raid6: using algorithm avx2x4 gen() 6865 MB/s
[   12.385531] raid6: using avx2x2 recovery algorithm
[   12.394163] xor: automatically using best checksumming function:
[   12.440051]    avx       :  8292.000 MB/sec
[   12.453611] async_tx: api initialized (async)
[   12.493255] md: raid6 personality registered for level 6
[   12.498292] md: raid5 personality registered for level 5
[   12.503959] md: raid4 personality registered for level 4
[   12.533533] md: raid10 personality registered for level 10
done.
Begin: Running /scripts/init-premount ... done.
Begin: Mounting root file system ... Begin: Running /scripts/local-top ... done.
Begin: Running /scripts/local-premount ... [   12.666968] Btrfs loaded
Scanning for Btrfs filesystems
done.
Warning: fsck not present, so skipping root file system
[   12.803895] EXT4-fs (sda1): mounted filesystem with ordered data mode. Opts: (null)
done.
Begin: Running /scripts/local-bottom ... done.
Begin: Running /scripts/init-bottom ... done.
[   14.102396] random: nonblocking pool is initialized
[   14.949225] systemd[1]: systemd 229 running in system mode. (+PAM +AUDIT +SELINUX +IMA +APPARMOR +SMACK +SYSVINIT +UTMP +LIBCRYPTSETUP +GCRYPT +GNUTLS +ACL +XZ -LZ4 +SECCOMP +BLKID +ELFUTILS +KMOD -IDN)
[   14.973639] systemd[1]: Detected virtualization oracle.
[   14.981026] systemd[1]: Detected architecture x86-64.

Welcome to [1mUbuntu 16.04.6 LTS[0m!

[   15.125580] systemd[1]: Set hostname to <ubuntu>.
[   15.263401] systemd[1]: Initializing machine ID from random generator.
[   15.274151] systemd[1]: Installed transient /etc/machine-id file.
[   17.321424] systemd[1]: Reached target Encrypted Volumes.
[[0;32m  OK  [0m] Reached target Encrypted Volumes.
[   17.328105] systemd[1]: Listening on /dev/initctl Compatibility Named Pipe.
[[0;32m  OK  [0m] Listening on /dev/initctl Compatibility Named Pipe.
[   17.336451] systemd[1]: Reached target Swap.
[[0;32m  OK  [0m] Reached target Swap.
[   17.342350] systemd[1]: Listening on LVM2 poll daemon socket.
[[0;32m  OK  [0m] Listening on LVM2 poll daemon socket.
[   17.349312] systemd[1]: Listening on Journal Audit Socket.
[[0;32m  OK  [0m] Listening on Journal Audit Socket.
[   17.356229] systemd[1]: Started Forward Password Requests to Wall Directory Watch.
[[0;32m  OK  [0m] Started Forward Password Requests to Wall Directory Watch.
[   17.366124] systemd[1]: Listening on LVM2 metadata daemon socket.
[[0;32m  OK  [0m] Listening on LVM2 metadata daemon socket.
[   17.373427] systemd[1]: Listening on Journal Socket (/dev/log).
[[0;32m  OK  [0m] Listening on Journal Socket (/dev/log).
[   17.380222] systemd[1]: Reached target User and Group Name Lookups.
[[0;32m  OK  [0m] Reached target User and Group Name Lookups.
[   17.389017] systemd[1]: Listening on Syslog Socket.
[[0;32m  OK  [0m] Listening on Syslog Socket.
[   17.404239] systemd[1]: Listening on udev Control Socket.
[[0;32m  OK  [0m] Listening on udev Control Socket.
[   17.412747] systemd[1]: Listening on Journal Socket.
[[0;32m  OK  [0m] Listening on Journal Socket.
[   17.421470] systemd[1]: Created slice User and Session Slice.
[[0;32m  OK  [0m] Created slice User and Session Slice.
[   17.430397] systemd[1]: Set up automount Arbitrary Executable File Formats File System Automount Point.
[[0;32m  OK  [0m] Set up automount Arbitrary Executab...ats File System Automount Point.
[   17.444836] systemd[1]: Started Trigger resolvconf update for networkd DNS.
[[0;32m  OK  [0m] Started Trigger resolvconf update for networkd DNS.
[   17.455017] systemd[1]: Listening on udev Kernel Socket.
[[0;32m  OK  [0m] Listening on udev Kernel Socket.
[   17.464818] systemd[1]: Created slice System Slice.
[[0;32m  OK  [0m] Created slice System Slice.
[   17.491771] systemd[1]: Mounting Debug File System...
         Mounting Debug File System...
[   17.501971] systemd[1]: Starting Nameserver information manager...
         Starting Nameserver information manager...
[   17.512186] systemd[1]: Created slice system-serial\x2dgetty.slice.
[[0;32m  OK  [0m] Created slice system-serial\x2dgetty.slice.
[   17.524107] systemd[1]: Starting Journal Service...
         Starting Journal Service...
[   17.534059] systemd[1]: Mounting POSIX Message Queue File System...
         Mounting POSIX Message Queue File System...
[   17.554105] systemd[1]: Starting Remount Root and Kernel File Systems...
         Starting Remount Root and Kernel File Systems...
[   17.616992] EXT4-fs (sda1): re-mounted. Opts: (null)
[   17.645622] systemd[1]: Starting Load Kernel Modules...
         Starting Load Kernel Modules...
[   17.721103] systemd[1]: Mounting Huge Pages File System...
         Mounting Huge Pages File System...
[   17.753347] systemd[1]: Reached target Slices.
[[0;32m  OK  [0m] Reached target Slices.
[   17.767131] systemd[1]: Starting Set console keymap...
         Starting Set console keymap...
[   17.781840] systemd[1]: Starting Create list of required static device nodes for the current kernel...
         Starting Create list of required st... nodes for the current kernel...
[   17.796383] systemd[1]: Listening on Device-mapper event daemon FIFOs.
[[0;32m  OK  [0m] Listening on Device-mapper event daemon FIFOs.
[   17.808263] systemd[1]: Starting Monitoring of LVM2 mirrors, snapshots etc. using dmeventd or progress polling...
         Starting Monitoring of LVM2 mirrors... dmeventd or progress polling...
[   17.830956] Loading iSCSI transport class v2.0-870.
[   17.849537] systemd[1]: Starting Uncomplicated firewall...
         Starting Uncomplicated firewall...
[   17.857857] systemd[1]: Reached target System Time Synchronized.
[[0;32m  OK  [0m] Reached target System Time Synchronized.
[   17.894766] systemd[1]: Mounted POSIX Message Queue File System.
[[0;32m  OK  [0m] Mounted POSIX Message Queue File System.
[   17.905880] systemd[1]: Mounted Huge Pages File System.
[[0;32m  OK  [0m] Mounted Huge Pages File System.
[   17.916163] systemd[1]: Mounted Debug File System.
[[0;32m  OK  [0m] Mounted Debug File System.
[   17.954614] systemd[1]: Started Remount Root and Kernel File Systems.
[[0;32m  OK  [0m] Started Remount Root and Kernel File Systems.
[   17.970615] systemd[1]: Started Create list of required static device nodes for the current kernel.
[[0;32m  OK  [0m] Started Create list of required sta...ce nodes for the current kernel.
[   17.984264] systemd[1]: Started Uncomplicated firewall.
[[0;32m  OK  [0m] Started Uncomplicated firewall.
[   17.992138] systemd[1]: Started Journal Service.
[[0;32m  OK  [0m] Started Journal Service.
[[0;32m  OK  [0m] Started Nameserver information manager.
[   18.082159] iscsi: registered transport (tcp)
[[0;32m  OK  [0m] Started LVM2 metadata daemon.
         Starting Create Static Device Nodes in /dev...
         Starting Flush Journal to Persistent Storage...
         Starting udev Coldplug all Devices...
[   18.482521] iscsi: registered transport (iser)
         Starting Load/Save Random Seed...
[[0;32m  OK  [0m] Started Load Kernel Modules.
[[0;32m  OK  [0m] Started Set console keymap.
[   18.582449] systemd-journald[378]: Received request to flush runtime journal from PID 1
         Starting Apply Kernel Variables...
         Mounting FUSE Control File System...
[[0;32m  OK  [0m] Mounted FUSE Control File System.
[[0;32m  OK  [0m] Started Flush Journal to Persistent Storage.
[[0;32m  OK  [0m] Started Load/Save Random Seed.
[[0;32m  OK  [0m] Started udev Coldplug all Devices.
[[0;32m  OK  [0m] Started Monitoring of LVM2 mirrors,...ng dmeventd or progress polling.
[[0;32m  OK  [0m] Started Apply Kernel Variables.
[[0;32m  OK  [0m] Started Create Static Device Nodes in /dev.
         Starting udev Kernel Device Manager...
[[0;32m  OK  [0m] Reached target Local File Systems (Pre).
[[0;32m  OK  [0m] Reached target Local File Systems.
         Starting Create Volatile Files and Directories...
         Starting Tell Plymouth To Write Out Runtime Data...
         Starting Initial cloud-init job (pre-networking)...
         Starting LSB: AppArmor initialization...
         Starting Commit a transient machine-id on disk...
         Starting Set console font and keymap...
[[0;32m  OK  [0m] Started Commit a transient machine-id on disk.
[[0;32m  OK  [0m] Started Create Volatile Files and Directories.
         Starting Update UTMP about System Boot/Shutdown...
[[0;32m  OK  [0m] Started Tell Plymouth To Write Out Runtime Data.
[[0;32m  OK  [0m] Started Update UTMP about System Boot/Shutdown.
[[0;32m  OK  [0m] Started udev Kernel Device Manager.
[[0;32m  OK  [0m] Started Dispatch Password Requests to Console Directory Watch.
[[0;32m  OK  [0m] Found device /dev/ttyS0.
[[0;32m  OK  [0m] Listening on Load/Save RF Kill Switch Status /dev/rfkill Watch.
[   28.733059] cloud-init[479]: Cloud-init v. 19.1-1-gbaa47854-0ubuntu1~16.04.1 running 'init-local' at Tue, 11 Jun 2019 16:45:11 +0000. Up 26.74 seconds.
[[0;32m  OK  [0m] Started Initial cloud-init job (pre-networking).
[[0;32m  OK  [0m] Reached target Network (Pre).
[[0;32m  OK  [0m] Started Set console font and keymap.
[[0;32m  OK  [0m] Created slice system-getty.slice.
[[0;32m  OK  [0m] Started LSB: AppArmor initialization.
         Starting Raise network interfaces...
[[0;32m  OK  [0m] Started Raise network interfaces.
         Starting Initial cloud-init job (metadata service crawler)...
[[0;32m  OK  [0m] Reached target Network.
[   36.426180] cloud-init[962]: Cloud-init v. 19.1-1-gbaa47854-0ubuntu1~16.04.1 running 'init' at Tue, 11 Jun 2019 16:45:16 +0000. Up 31.65 seconds.
[   36.433243] cloud-init[962]: ci-info: ++++++++++++++++++++++++++++++++++++++Net device info++++++++++++++++++++++++++++++++++++++
[   36.439220] cloud-init[962]: ci-info: +--------+------+----------------------------+---------------+--------+-------------------+
[   36.445193] cloud-init[962]: ci-info: | Device |  Up  |          Address           |      Mask     | Scope  |     Hw-Address    |
[   36.451130] cloud-init[962]: ci-info: +--------+------+----------------------------+---------------+--------+-------------------+
[   36.459857] cloud-init[962]: ci-info: | enp0s3 | True |         10.0.2.15          | 255.255.255.0 | global | 02:bc:a8:42:42:bc |
[   36.470540] cloud-init[962]: ci-info: | enp0s3 | True | fe80::bc:a8ff:fe42:42bc/64 |       .       |  link  | 02:bc:a8:42:42:bc |
[   36.478440] cloud-init[962]: ci-info: |   lo   | True |         127.0.0.1          |   255.0.0.0   |  host  |         .         |
[   36.486699] cloud-init[962]: ci-info: |   lo   | True |          ::1/128           |       .       |  host  |         .         |
[   36.494057] cloud-init[962]: ci-info: +--------+------+----------------------------+---------------+--------+-------------------+
[   36.504270] cloud-init[962]: ci-info: +++++++++++++++++++++++++++Route IPv4 info++++++++++++++++++++++++++++
[   36.510390] cloud-init[962]: ci-info: +-------+-------------+----------+---------------+-----------+-------+
[   36.518492] cloud-init[962]: ci-info: | Route | Destination | Gateway  |    Genmask    | Interface | Flags |
[   36.524904] cloud-init[962]: ci-info: +-------+-------------+----------+---------------+-----------+-------+
[   36.533316] cloud-init[962]: ci-info: |   0   |   0.0.0.0   | 10.0.2.2 |    0.0.0.0    |   enp0s3  |   UG  |
[   36.541555] cloud-init[962]: ci-info: |   1   |   10.0.2.0  | 0.0.0.0  | 255.255.255.0 |   enp0s3  |   U   |
[   36.549815] cloud-init[962]: ci-info: +-------+-------------+----------+---------------+-----------+-------+
[   36.556985] cloud-init[962]: ci-info: +++++++++++++++++++Route IPv6 info+++++++++++++++++++
[   36.562133] cloud-init[962]: ci-info: +-------+-------------+---------+-----------+-------+
[   36.570383] cloud-init[962]: ci-info: | Route | Destination | Gateway | Interface | Flags |
[   36.576220] cloud-init[962]: ci-info: +-------+-------------+---------+-----------+-------+
[   36.588474] cloud-init[962]: ci-info: |   0   |  fe80::/64  |    ::   |   enp0s3  |   U   |
[   36.595838] cloud-init[962]: ci-info: |   4   |   ff00::/8  |    ::   |   enp0s3  |   U   |
[   36.609389] cloud-init[962]: ci-info: +-------+-------------+---------+-----------+-------+
[   36.624923] cloud-init[962]: Generating public/private rsa key pair.
[   36.633380] cloud-init[962]: Your identification has been saved in /etc/ssh/ssh_host_rsa_key.
[   36.646242] cloud-init[962]: Your public key has been saved in /etc/ssh/ssh_host_rsa_key.pub.
[   36.653771] cloud-init[962]: The key fingerprint is:
[   36.661452] cloud-init[962]: SHA256:kEC6DXPYuccW1IFBmLR+patvv+i9ffPNa5BBys6JpNM root@ubuntu-xenial
[   36.670270] cloud-init[962]: The key's randomart image is:
[   36.675264] cloud-init[962]: +---[RSA 2048]----+
[   36.679089] cloud-init[962]: |   o++++..       |
[   36.684460] cloud-init[962]: |   +o=...    .   |
[   36.688379] cloud-init[962]: |  = = + . . o    |
[   36.694044] cloud-init[962]: |   B o = . o .   |
[   36.697858] cloud-init[962]: |  . + * S + . o  |
[   36.701481] cloud-init[962]: |     + + E + o   |
[   36.705188] cloud-init[962]: |      . .     .  |
[   36.709299] cloud-init[962]: |     ..o .  o  + |
[   36.713844] cloud-init[962]: |    .++.=o.. oo.+|
[   36.717932] cloud-init[962]: +----[SHA256]-----+
[   36.725409] cloud-init[962]: Generating public/private dsa key pair.
[   36.730769] cloud-init[962]: Your identification has been saved in /etc/ssh/ssh_host_dsa_key.
[   36.739432] cloud-init[962]: Your public key has been saved in /etc/ssh/ssh_host_dsa_key.pub.
[   36.744713] cloud-init[962]: The key fingerprint is:
[   36.748482] cloud-init[962]: SHA256:3zvCiVy4E4ZUKb6sECGFO8UjTi7a0o6DqP0LPMhN064 root@ubuntu-xenial
[   36.753257] cloud-init[962]: The key's randomart image is:
[   36.757866] cloud-init[962]: +---[DSA 1024]----+
[   36.765083] cloud-init[962]: | +.      .       |
[   36.769735] cloud-init[962]: |+.=   . o        |
[   36.773522] cloud-init[962]: |+= o . o         |
[   36.782825] cloud-init[962]: |+o. . o          |
[   36.786490] cloud-init[962]: |o+ + + oS.       |
[   36.795085] cloud-init[962]: |+o* o + +...     |
[   36.798526] cloud-init[962]: |+=+o o o *...    |
[   36.811303] cloud-init[962]: |=..oo   = + ..   |
[   36.814921] cloud-init[962]: |o..Eo.   . ...   |
[   36.818514] cloud-init[962]: +----[SHA256]-----+
[   36.822101] cloud-init[962]: Generating public/private ecdsa key pair.
[   36.826205] cloud-init[962]: Your identification has been saved in /etc/ssh/ssh_host_ecdsa_key.
[   36.831098] cloud-init[962]: Your public key has been saved in /etc/ssh/ssh_host_ecdsa_key.pub.
[   36.836395] cloud-init[962]: The key fingerprint is:
[   36.844534] cloud-init[962]: SHA256:i/vJNXXjSC4y2EmgEiepYBQTiEH7+ZZvdXS3UZPkimI root@ubuntu-xenial
[   36.849927] cloud-init[962]: The key's randomart image is:
[   36.853717] cloud-init[962]: +---[ECDSA 256]---+
[   36.857169] cloud-init[962]: |=Bo           ...|
[   36.861024] cloud-init[962]: |+ o.          .o.|
[   36.864629] cloud-init[962]: |.o+ . .        .o|
[   36.868052] cloud-init[962]: |o..+.. .   ....o |
[   36.871896] cloud-init[962]: |. .o.   SE..+.+ o|
[   36.875404] cloud-init[962]: |   .. .=.+.= + o |
[   36.878932] cloud-init[962]: |     +o B = o .  |
[   36.882720] cloud-init[962]: |    . .+ = o     |
[   36.886106] cloud-init[962]: |      oo+        |
[   36.889641] cloud-init[962]: +----[SHA256]-----+
[   36.895827] cloud-init[962]: Generating public/private ed25519 key pair.
[   36.904355] cloud-init[962]: Your identification has been saved in /etc/ssh/ssh_host_ed25519_key.
[   36.913021] cloud-init[962]: Your public key has been saved in /etc/ssh/ssh_host_ed25519_key.pub.
[   36.918661] cloud-init[962]: The key fingerprint is:
[   36.922300] cloud-init[962]: SHA256:umykeGu6ec5GKOsyxZCR37Ej+Tcu0UayYBeoqVu7yG8 root@ubuntu-xenial
[   36.927613] cloud-init[962]: The key's randomart image is:
[   36.932360] cloud-init[962]: +--[ED25519 256]--+
[   36.936386] cloud-init[962]: | . .             |
[   36.939782] cloud-init[962]: |o . o            |
[   36.943513] cloud-init[962]: | * o +           |
[   36.948124] cloud-init[962]: |= * * .          |
[   36.952157] cloud-init[962]: |.+ * *  S        |
[   36.956040] cloud-init[962]: |o = = *.         |
[   36.956954] cloud-init[962]: | * + B..         |
[   36.959508] cloud-init[962]: |*.oEB.o.         |
[   36.961878] cloud-init[962]: |++B@++o          |
[   36.963942] cloud-init[962]: +----[SHA256]-----+
[[0;32m  OK  [0m] Started Initial cloud-init job (metadata service crawler).
[[0;32m  OK  [0m] Reached target System Initialization.
[[0;32m  OK  [0m] Listening on ACPID Listen Socket.
[[0;32m  OK  [0m] Started ACPI Events Check.
[[0;32m  OK  [0m] Reached target Paths.
[[0;32m  OK  [0m] Started Daily apt download activities.
         Starting LXD - unix socket.
[[0;32m  OK  [0m] Started Daily Cleanup of Temporary Directories.
[[0;32m  OK  [0m] Listening on UUID daemon activation socket.
[[0;32m  OK  [0m] Started Daily apt upgrade and clean activities.
[[0;32m  OK  [0m] Reached target Timers.
[[0;32m  OK  [0m] Listening on D-Bus System Message Bus Socket.
         Starting Socket activation for snappy daemon.
[[0;32m  OK  [0m] Reached target Network is Online.
         Starting iSCSI initiator daemon (iscsid)...
[[0;32m  OK  [0m] Reached target Cloud-config availability.
[[0;32m  OK  [0m] Listening on LXD - unix socket.
[[0;32m  OK  [0m] Listening on Socket activation for snappy daemon.
[[0;32m  OK  [0m] Reached target Sockets.
[[0;32m  OK  [0m] Reached target Basic System.
[[0;32m  OK  [0m] Started ACPI event daemon.
         Starting LSB: MD monitoring daemon...
[[0;32m  OK  [0m] Started D-Bus System Message Bus.
         Starting LSB: Record successful boot for GRUB...
         Starting Accounts Service...
[[0;32m  OK  [0m] Started Regular background program processing daemon.
         Starting Snappy daemon...
[[0;32m  OK  [0m] Started FUSE filesystem for LXC.
[[0;32m  OK  [0m] Started Deferred execution scheduler.
         Starting /etc/rc.local Compatibility...
         Starting Virtualbox guest utils...
         Starting Pollinate to seed the pseudo random number generator...
         Starting System Logging Service...
         Starting Login Service...
         Starting LXD - container startup/shutdown...
[[0;32m  OK  [0m] Started /etc/rc.local Compatibility.
[[0;32m  OK  [0m] Started iSCSI initiator daemon (iscsid).
         Starting Login to default iSCSI targets...
[[0;32m  OK  [0m] Started LSB: Record successful boot for GRUB.
[[0;32m  OK  [0m] Started Login Service.
[[0;32m  OK  [0m] Started Unattended Upgrades Shutdown.
[[0;32m  OK  [0m] Started LSB: MD monitoring daemon.
[[0;32m  OK  [0m] Started Login to default iSCSI targets.
[[0;32m  OK  [0m] Reached target Remote File Systems (Pre).
[[0;32m  OK  [0m] Reached target Remote File Systems.
         Starting LSB: Set the CPU Frequency Scaling governor to "ondemand"...
         Starting Permit User Sessions...
         Starting LSB: automatic crash report generation...
         Starting LSB: daemon to balance interrupts for SMP systems...
[[0;32m  OK  [0m] Started Permit User Sessions.
         Starting Hold until boot process finishes up...
         Starting Terminate Plymouth Boot Screen...
[[0;32m  OK  [0m] Started LSB: Set the CPU Frequency Scaling governor to "ondemand".
[[0;32m  OK  [0m] Started Hold until boot process finishes up.
[[0;32m  OK  [0m] Started Terminate Plymouth Boot Screen.
[[0;32m  OK  [0m] Started LSB: automatic crash report generation.
[[0;32m  OK  [0m] Started System Logging Service.
[[0;32m  OK  [0m] Started Getty on tty1.
         Starting Set console scheme...
[[0;32m  OK  [0m] Started Serial Getty on ttyS0.
[[0;32m  OK  [0m] Reached target Login Prompts.
[[0;32m  OK  [0m] Started Set console scheme.
[[0;32m  OK  [0m] Started LSB: daemon to balance interrupts for SMP systems.
[[0;32m  OK  [0m] Started Virtualbox guest utils.
         Starting Authenticate and Authorize Users to Run Privileged Tasks...
[[0;32m  OK  [0m] Started Authenticate and Authorize Users to Run Privileged Tasks.
[[0;32m  OK  [0m] Started Accounts Service.
[[0;32m  OK  [0m] Started Snappy daemon.
         Starting Wait until snapd is fully seeded...
[[0;32m  OK  [0m] Started LXD - container startup/shutdown.
[[0;32m  OK  [0m] Started Pollinate to seed the pseudo random number generator.
         Starting OpenBSD Secure Shell server...
[[0;32m  OK  [0m] Started OpenBSD Secure Shell server.

Ubuntu 16.04.6 LTS ubuntu-xenial ttyS0

ubuntu-xenial login: [   50.709296] cloud-init[1370]: Generating locales (this might take a while)...
[   57.177186] cloud-init[1370]:   en_US.UTF-8... done
[   57.180352] cloud-init[1370]: Generation complete.
[   62.310372] cloud-init[1370]: Cloud-init v. 19.1-1-gbaa47854-0ubuntu1~16.04.1 running 'modules:config' at Tue, 11 Jun 2019 16:45:34 +0000. Up 49.93 seconds.
ci-info: no authorized ssh keys fingerprints found for user ubuntu.
<14>Jun 11 16:45:50 ec2: 
<14>Jun 11 16:45:50 ec2: #############################################################
<14>Jun 11 16:45:50 ec2: -----BEGIN SSH HOST KEY FINGERPRINTS-----
<14>Jun 11 16:45:50 ec2: 1024 SHA256:3zvCiVy4E4ZUKb6sECGFO8UjTi7a0o6DqP0LPMhN064 root@ubuntu-xenial (DSA)
<14>Jun 11 16:45:50 ec2: 256 SHA256:i/vJNXXjSC4y2EmgEiepYBQTiEH7+ZZvdXS3UZPkimI root@ubuntu-xenial (ECDSA)
<14>Jun 11 16:45:50 ec2: 256 SHA256:umykeGu6ec5GKOsyxZCR37Ej+Tcu0UayYBeoqVu7yG8 root@ubuntu-xenial (ED25519)
<14>Jun 11 16:45:50 ec2: 2048 SHA256:kEC6DXPYuccW1IFBmLR+patvv+i9ffPNa5BBys6JpNM root@ubuntu-xenial (RSA)
<14>Jun 11 16:45:50 ec2: -----END SSH HOST KEY FINGERPRINTS-----
<14>Jun 11 16:45:50 ec2: #############################################################
-----BEGIN SSH HOST KEY KEYS-----
ecdsa-sha2-nistp256 AAAAE2VjZHNhLXNoYTItbmlzdHAyNTYAAAAIbmlzdHAyNTYAAABBBOXvrBpOwIyx13kRFxzex3C9wBUn2BWu2EXCH2iQ3klc6NVTAU2X+PGT0MizsS3wkm73JVZznI4Zk9q6eKlBiT8= root@ubuntu-xenial
ssh-ed25519 AAAAC3NzaC1lZDI1NTE5AAAAIO+OwlX9ldEqddIvgU5jCst73/n3X+Pyj2lghj1Eii3N root@ubuntu-xenial
ssh-rsa AAAAB3NzaC1yc2EAAAADAQABAAABAQCjPtxCh6zgDW+MZj6lJNblg71LWBeW8RnR+fgzLzjc2C0YgRqW2zn3tGzqotgChckcYc8poajLH8YuNvNAMafw1YOA1lKcCauXm3h0Ft79hUppGw56ffqiE/aNyP/k35VWbKytec79QB2roFuFskgr34irj27RAYw4aFXENyCBtKAGmGuq2MZDFjHjSgNvMmFgC43A/AkZcZ4QuCfeMr0nQj2OObKHfmkwToLj6w8N496ZE0j4IoEFANlHG7Wj/NSJvBOtvdujkf9WRlqlRuTlEhTEgqvJiAL0V+lpGSSsHdKMgKH+FLlAncPiYsh3aTIQHWCYjqZ5Ltk7ybcSSTHD root@ubuntu-xenial
-----END SSH HOST KEY KEYS-----
[   65.190056] cloud-init[1546]: Cloud-init v. 19.1-1-gbaa47854-0ubuntu1~16.04.1 running 'modules:final' at Tue, 11 Jun 2019 16:45:48 +0000. Up 63.94 seconds.
[   65.195688] cloud-init[1546]: ci-info: no authorized ssh keys fingerprints found for user ubuntu.
[   65.210342] cloud-init[1546]: Cloud-init v. 19.1-1-gbaa47854-0ubuntu1~16.04.1 finished at Tue, 11 Jun 2019 16:45:50 +0000. Datasource DataSourceNoCloud [seed=/dev/sdb][dsmode=net].  Up 65.14 seconds
